<?xml version="1.0" encoding="UTF-8"?>
<!-- Generated by org.testng.reporters.JUnitReportReporter -->
<testsuite name="cucuopti.TestRun" tests="1" time="40.027" ignored="0" failures="0" timestamp="16 Jan 2019 05:09:15 GMT" skipped="0" hostname="BDC8-DX-416P5WS" errors="0">
  <testcase name="feature" time="40.027" classname="cucuopti.TestRun"/>
</testsuite> <!-- cucuopti.TestRun -->
