<?xml version="1.0" encoding="UTF-8"?>
<!-- Generated by org.testng.reporters.JUnitReportReporter -->
<testsuite name="academy.HomePe" tests="2" time="30.749" ignored="0" failures="0" timestamp="13 Feb 2019 13:08:57 GMT" skipped="0" hostname="BDC8-DX-416P5WS" errors="0">
  <testcase name="basep" time="12.702" classname="academy.HomePe"/>
  <testcase name="basep" time="18.047" classname="academy.HomePe"/>
</testsuite> <!-- academy.HomePe -->
