<?xml version="1.0" encoding="UTF-8"?>
<!-- Generated by org.testng.reporters.JUnitReportReporter -->
<testsuite name="academy.HomePe" tests="2" time="34.768" ignored="0" failures="0" timestamp="10 Jan 2019 13:32:49 GMT" skipped="0" hostname="BDC8-DX-416P5WS" errors="0">
  <testcase name="basep" time="25.303" classname="academy.HomePe"/>
  <testcase name="basep" time="9.465" classname="academy.HomePe"/>
</testsuite> <!-- academy.HomePe -->
