<?xml version="1.0" encoding="UTF-8"?>
<!-- Generated by org.testng.reporters.JUnitReportReporter -->
<testsuite name="academy.Valida" tests="1" time="1.613" ignored="0" failures="0" timestamp="14 Jan 2019 08:37:26 GMT" skipped="0" hostname="BDC8-DX-416P5WS" errors="0">
  <testcase name="basepval" time="1.613" classname="academy.Valida"/>
</testsuite> <!-- academy.Valida -->
