<?xml version="1.0" encoding="UTF-8"?>
<!-- Generated by org.testng.reporters.JUnitReportReporter -->
<testsuite hostname="BDC8-DX-416P5WS" name="academy.Homep" tests="2" failures="0" timestamp="9 Jan 2019 09:15:05 GMT" time="101.482" errors="0">
  <testcase name="basep" time="48.763" classname="academy.Homep"/>
  <testcase name="basep" time="52.719" classname="academy.Homep"/>
</testsuite> <!-- academy.Homep -->
