<?xml version="1.0" encoding="UTF-8"?>
<!-- Generated by org.testng.reporters.JUnitReportReporter -->
<testsuite name="academy.Valida" tests="1" time="1.881" ignored="0" failures="0" timestamp="13 Feb 2019 13:08:57 GMT" skipped="0" hostname="BDC8-DX-416P5WS" errors="0">
  <testcase name="basepval" time="1.881" classname="academy.Valida"/>
</testsuite> <!-- academy.Valida -->
